{"content": {"suites": {"0": {"status": {"total_pass": 0, "total_skip": 0, "total_xpass": 0, "total_xfail": 0, "total_rerun": 0, "total_fail": 1, "total_error": 0}, "tests": {"0": {"status": "FAIL", "message": "   AttributeError: 'NoneType' object has no attribute 'click'\n", "test_name": "test_AccountReg", "rerun": "0"}}, "suite_name": "testCases/test_001_AccountReg.py"}, "1": {"suite_name": "testCases/test_002_Login.py", "tests": {"0": {"status": "FAIL", "message": "   selenium.common.exceptions.NoSuchWindowException: Message: no such window: target window already closed\n   from unknown error: web view not found\n     (Session info: chrome=126.0.6478.62)\n   Stacktrace:\n   \tGetHandleVerifier [0x00007FF754DC3E42+31618]\n   \t(No symbol) [0x00007FF754D3B0A9]\n   \t(No symbol) [0x00007FF754BF888A]\n   \t(No symbol) [0x00007FF754BCDAE5]\n   \t(No symbol) [0x00007FF754C745A7]\n   \t(No symbol) [0x00007FF754C8C131]\n   \t(No symbol) [0x00007FF754C6CEB3]\n   \t(No symbol) [0x00007FF754C3A46B]\n   \t(No symbol) [0x00007FF754C3B001]\n   \tGetHandleVerifier [0x00007FF7550CA01D+3202397]\n   \tGetHandleVerifier [0x00007FF755116A3D+3516285]\n   \tGetHandleVerifier [0x00007FF75510C4B0+3473904]\n   \tGetHandleVerifier [0x00007FF754E75D46+760454]\n   \t(No symbol) [0x00007FF754D46B4F]\n   \t(No symbol) [0x00007FF754D41CE4]\n   \t(No symbol) [0x00007FF754D41E72]\n   \t(No symbol) [0x00007FF754D3121F]\n   \tBaseThreadInitThunk [0x00007FFBDCE0257D+29]\n   \tRtlUserThreadStart [0x00007FFBDE1EAF28+40]\n", "test_name": "test_login", "rerun": "0"}}, "status": {"total_pass": 0, "total_skip": 0, "total_xpass": 0, "total_xfail": 0, "total_rerun": 0, "total_fail": 1, "total_error": 0}}, "2": {"suite_name": "testCases/test_003_DDT.py", "tests": {"0": {"status": "FAIL", "message": "   selenium.common.exceptions.NoSuchWindowException: Message: no such window: target window already closed\n   from unknown error: web view not found\n     (Session info: chrome=126.0.6478.62)\n   Stacktrace:\n   \tGetHandleVerifier [0x00007FF754DC3E42+31618]\n   \t(No symbol) [0x00007FF754D3B0A9]\n   \t(No symbol) [0x00007FF754BF888A]\n   \t(No symbol) [0x00007FF754BCDAE5]\n   \t(No symbol) [0x00007FF754C745A7]\n   \t(No symbol) [0x00007FF754C8C131]\n   \t(No symbol) [0x00007FF754C6CEB3]\n   \t(No symbol) [0x00007FF754C3A46B]\n   \t(No symbol) [0x00007FF754C3B001]\n   \tGetHandleVerifier [0x00007FF7550CA01D+3202397]\n   \tGetHandleVerifier [0x00007FF755116A3D+3516285]\n   \tGetHandleVerifier [0x00007FF75510C4B0+3473904]\n   \tGetHandleVerifier [0x00007FF754E75D46+760454]\n   \t(No symbol) [0x00007FF754D46B4F]\n   \t(No symbol) [0x00007FF754D41CE4]\n   \t(No symbol) [0x00007FF754D41E72]\n   \t(No symbol) [0x00007FF754D3121F]\n   \tBaseThreadInitThunk [0x00007FFBDCE0257D+29]\n   \tRtlUserThreadStart [0x00007FFBDE1EAF28+40]\n", "test_name": "test_003_DDT", "rerun": "0"}}, "status": {"total_pass": 0, "total_skip": 0, "total_xpass": 0, "total_xfail": 0, "total_rerun": 0, "total_fail": 1, "total_error": 0}}, "3": {"suite_name": "testCases/test_check.py", "tests": {"0": {"status": "PASS", "message": "", "test_name": "test_Check", "rerun": "0"}}, "status": {"total_pass": 1, "total_skip": 0, "total_xpass": 0, "total_xfail": 0, "total_rerun": 0, "total_fail": 0, "total_error": 0}}}}, "date": "June 19, 2024", "start_time": 1718813267.607925, "total_suite": 4, "status": "FAIL", "status_list": {"pass": "1", "fail": "3", "skip": "0", "error": "0", "xpass": "0", "xfail": "0", "rerun": "0"}, "total_tests": "4"}